<?xml version="1.0" encoding="UTF-8"?>
<!-- Generated by org.testng.reporters.JUnitXMLReporter -->
<testsuite hostname="admin-PC" ignored="0" name="Test" tests="3" failures="0" timestamp="18 May 2018 10:35:36 GMT" time="0.022" errors="0">
  <testcase name="test1" time="0.004" classname="com.testersconnect.tests.AcceptanceTestSuite"/>
  <testcase name="test2" time="0.0" classname="com.testersconnect.tests.AcceptanceTestSuite"/>
  <testcase name="test3" time="0.001" classname="com.testersconnect.tests.AcceptanceTestSuite"/>
</testsuite> <!-- Test -->
