<?xml version="1.0" encoding="UTF-8"?>
<testng-results skipped="0" failed="0" ignored="0" total="3" passed="3">
  <reporter-output>
  </reporter-output>
  <suite name="Suite" duration-ms="22" started-at="2018-05-18T10:35:36Z" finished-at="2018-05-18T10:35:36Z">
    <groups>
    </groups>
    <test name="Test" duration-ms="22" started-at="2018-05-18T10:35:36Z" finished-at="2018-05-18T10:35:36Z">
      <class name="com.testersconnect.tests.AcceptanceTestSuite">
        <test-method status="PASS" signature="test1()[pri:0, instance:com.testersconnect.tests.AcceptanceTestSuite@2d6d8735]" name="test1" duration-ms="4" started-at="2018-05-18T10:35:36Z" finished-at="2018-05-18T10:35:36Z">
          <reporter-output>
          </reporter-output>
        </test-method> <!-- test1 -->
        <test-method status="PASS" signature="test2()[pri:0, instance:com.testersconnect.tests.AcceptanceTestSuite@2d6d8735]" name="test2" duration-ms="0" started-at="2018-05-18T10:35:36Z" finished-at="2018-05-18T10:35:36Z">
          <reporter-output>
          </reporter-output>
        </test-method> <!-- test2 -->
        <test-method status="PASS" signature="test3()[pri:0, instance:com.testersconnect.tests.AcceptanceTestSuite@2d6d8735]" name="test3" duration-ms="1" started-at="2018-05-18T10:35:36Z" finished-at="2018-05-18T10:35:36Z">
          <reporter-output>
          </reporter-output>
        </test-method> <!-- test3 -->
      </class> <!-- com.testersconnect.tests.AcceptanceTestSuite -->
    </test> <!-- Test -->
  </suite> <!-- Suite -->
</testng-results>
