<?xml version="1.0" encoding="UTF-8"?>
<testng-results skipped="0" failed="0" ignored="0" total="2" passed="2">
  <reporter-output>
  </reporter-output>
  <suite name="Default suite" duration-ms="31" started-at="2018-05-18T10:08:59Z" finished-at="2018-05-18T10:08:59Z">
    <groups>
    </groups>
    <test name="Default test" duration-ms="31" started-at="2018-05-18T10:08:59Z" finished-at="2018-05-18T10:08:59Z">
      <class name="com.testersconnect.tests.AcceptanceTestSuite">
        <test-method status="PASS" signature="test1()[pri:0, instance:com.testersconnect.tests.AcceptanceTestSuite@5dfcfece]" name="test1" duration-ms="15" started-at="2018-05-18T10:08:59Z" finished-at="2018-05-18T10:08:59Z">
          <reporter-output>
          </reporter-output>
        </test-method> <!-- test1 -->
        <test-method status="PASS" signature="test2()[pri:0, instance:com.testersconnect.tests.AcceptanceTestSuite@5dfcfece]" name="test2" duration-ms="0" started-at="2018-05-18T10:08:59Z" finished-at="2018-05-18T10:08:59Z">
          <reporter-output>
          </reporter-output>
        </test-method> <!-- test2 -->
      </class> <!-- com.testersconnect.tests.AcceptanceTestSuite -->
    </test> <!-- Default test -->
  </suite> <!-- Default suite -->
</testng-results>
